This is pdfTeX, Version 3.14159265-2.6-1.40.17 (MiKTeX 2.9.6210 64-bit) (preloaded format=pdflatex 2017.4.14)  15 JUN 2018 10:14
entering extended mode
**./aufgabe_6_2.tex
(aufgabe_6_2.tex
LaTeX2e <2017/01/01> patch level 1
Babel <3.9r> and hyphenation patterns for 75 language(s) loaded.
("C:\apps\MiKTeX 2.9\tex\latex\base\article.cls"
Document Class: article 2014/09/29 v1.4h Standard LaTeX document class
("C:\apps\MiKTeX 2.9\tex\latex\base\size12.clo"
File: size12.clo 2014/09/29 v1.4h Standard LaTeX file (size option)
)
\c@part=\count79
\c@section=\count80
\c@subsection=\count81
\c@subsubsection=\count82
\c@paragraph=\count83
\c@subparagraph=\count84
\c@figure=\count85
\c@table=\count86
\abovecaptionskip=\skip41
\belowcaptionskip=\skip42
\bibindent=\dimen102
) (aufgabe_6_2.aux)
\openout1 = `aufgabe_6_2.aux'.

LaTeX Font Info:    Checking defaults for OML/cmm/m/it on input line 2.
LaTeX Font Info:    ... okay on input line 2.
LaTeX Font Info:    Checking defaults for T1/cmr/m/n on input line 2.
LaTeX Font Info:    ... okay on input line 2.
LaTeX Font Info:    Checking defaults for OT1/cmr/m/n on input line 2.
LaTeX Font Info:    ... okay on input line 2.
LaTeX Font Info:    Checking defaults for OMS/cmsy/m/n on input line 2.
LaTeX Font Info:    ... okay on input line 2.
LaTeX Font Info:    Checking defaults for OMX/cmex/m/n on input line 2.
LaTeX Font Info:    ... okay on input line 2.
LaTeX Font Info:    Checking defaults for U/cmr/m/n on input line 2.
LaTeX Font Info:    ... okay on input line 2.
Missing character: There is no Ã in font cmtt12!
Missing character: There is no ¼ in font cmtt12!
Missing character: There is no Ã in font cmtt12!
Missing character: There is no ¼ in font cmtt12!
 [1

{C:/ProgramData/MiKTeX/2.9/pdftex/config/pdftex.map}]
Overfull \hbox (42.25021pt too wide) in paragraph at lines 77--77
[]          \OT1/cmtt/m/n/12 <xs:element name="Hausnummer" type="xs:nonNegative
Integer"/>[] 
 []

[2] (aufgabe_6_2.aux) ) 
Here is how much of TeX's memory you used:
 206 strings out of 493333
 2140 string characters out of 3143073
 57255 words of memory out of 3000000
 3820 multiletter control sequences out of 15000+200000
 4107 words of font info for 16 fonts, out of 3000000 for 9000
 1141 hyphenation exceptions out of 8191
 22i,4n,19p,136b,240s stack positions out of 5000i,500n,10000p,200000b,50000s
<C:/apps/MiKTeX 2.9/fonts/type1/public/amsfonts/cm/cmr12
.pfb><C:/apps/MiKTeX 2.9/fonts/type1/public/amsfonts/cm/cmtt12.pfb>
Output written on aufgabe_6_2.pdf (2 pages, 22085 bytes).
PDF statistics:
 17 PDF objects out of 1000 (max. 8388607)
 0 named destinations out of 1000 (max. 500000)
 1 words of extra memory for PDF output out of 10000 (max. 10000000)

